Using pre-set license
Built from '2020.3/staging' branch; Version is '2020.3.19f1 (68f137dc9bbe) revision 6877495'; Using compiler version '192528614'; Build Type 'Release'
OS: 'Windows 10 Home; OS build 19043.1237; Version 2009; 64bit' Language: 'en' Physical Memory: 8066 MB
BatchMode: 1, IsHumanControllingUs: 0, StartBugReporterOnCrash: 0, Is64bit: 1, IsPro: 0

COMMAND LINE ARGUMENTS:
D:\Unity\2020.3.19f1\Editor\Unity.exe
-adb2
-batchMode
-noUpm
-name
AssetImportWorker0
-projectPath
D:/Zheng/_UnityProjects/SBU-Hacks-2021/Space RPG
-logFile
Logs/AssetImportWorker0.log
-srvPort
61346
Successfully changed project path to: D:/Zheng/_UnityProjects/SBU-Hacks-2021/Space RPG
D:/Zheng/_UnityProjects/SBU-Hacks-2021/Space RPG
Using Asset Import Pipeline V2.
Refreshing native plugins compatible for Editor in 47.83 ms, found 2 plugins.
Preloading 0 native plugins for Editor in 0.00 ms.
Initialize engine version: 2020.3.19f1 (68f137dc9bbe)
[Subsystems] Discovering subsystems at path D:/Unity/2020.3.19f1/Editor/Data/Resources/UnitySubsystems
[Subsystems] Discovering subsystems at path D:/Zheng/_UnityProjects/SBU-Hacks-2021/Space RPG/Assets
GfxDevice: creating device client; threaded=0
Direct3D:
    Version:  Direct3D 11.0 [level 11.1]
    Renderer: NVIDIA GeForce GTX 1050 (ID=0x1c8d)
    Vendor:   
    VRAM:     4019 MB
    Driver:   30.0.14.7168
Initialize mono
Mono path[0] = 'D:/Unity/2020.3.19f1/Editor/Data/Managed'
Mono path[1] = 'D:/Unity/2020.3.19f1/Editor/Data/MonoBleedingEdge/lib/mono/unityjit'
Mono config path = 'D:/Unity/2020.3.19f1/Editor/Data/MonoBleedingEdge/etc'
Using monoOptions --debugger-agent=transport=dt_socket,embedding=1,server=y,suspend=n,address=127.0.0.1:56036
Begin MonoManager ReloadAssembly
Registering precompiled unity dll's ...
Register platform support module: D:/Unity/2020.3.19f1/Editor/Data/PlaybackEngines/WindowsStandaloneSupport/UnityEditor.WindowsStandalone.Extensions.dll
Registered in 0.004124 seconds.
Native extension for WindowsStandalone target not found
Refreshing native plugins compatible for Editor in 44.46 ms, found 2 plugins.
Preloading 0 native plugins for Editor in 0.00 ms.
Mono: successfully reloaded assembly
- Completed reload, in  3.150 seconds
Domain Reload Profiling:
	ReloadAssembly (3150ms)
		BeginReloadAssembly (130ms)
			ExecutionOrderSort (0ms)
			DisableScriptedObjects (0ms)
			BackupInstance (0ms)
			ReleaseScriptingObjects (0ms)
			CreateAndSetChildDomain (1ms)
		EndReloadAssembly (729ms)
			LoadAssemblies (117ms)
			RebuildTransferFunctionScriptingTraits (0ms)
			SetupTypeCache (264ms)
			ReleaseScriptCaches (0ms)
			RebuildScriptCaches (52ms)
			SetupLoadedEditorAssemblies (280ms)
				LogAssemblyErrors (0ms)
				InitializePlatformSupportModulesInManaged (7ms)
				SetLoadedEditorAssemblies (0ms)
				RefreshPlugins (45ms)
				BeforeProcessingInitializeOnLoad (22ms)
				ProcessInitializeOnLoadAttributes (160ms)
				ProcessInitializeOnLoadMethodAttributes (45ms)
				AfterProcessingInitializeOnLoad (0ms)
				EditorAssembliesLoaded (0ms)
			ExecutionOrderSort2 (0ms)
			AwakeInstancesAfterBackupRestoration (0ms)
Platform modules already initialized, skipping
Registering precompiled user dll's ...
Registered in 0.008646 seconds.
Begin MonoManager ReloadAssembly
Native extension for WindowsStandalone target not found
Refreshing native plugins compatible for Editor in 3.43 ms, found 2 plugins.
Preloading 0 native plugins for Editor in 0.00 ms.
Mono: successfully reloaded assembly
- Completed reload, in  6.911 seconds
Domain Reload Profiling:
	ReloadAssembly (6919ms)
		BeginReloadAssembly (818ms)
			ExecutionOrderSort (0ms)
			DisableScriptedObjects (45ms)
			BackupInstance (0ms)
			ReleaseScriptingObjects (0ms)
			CreateAndSetChildDomain (89ms)
		EndReloadAssembly (5770ms)
			LoadAssemblies (566ms)
			RebuildTransferFunctionScriptingTraits (0ms)
			SetupTypeCache (1694ms)
			ReleaseScriptCaches (1ms)
			RebuildScriptCaches (439ms)
			SetupLoadedEditorAssemblies (2621ms)
				LogAssemblyErrors (0ms)
				InitializePlatformSupportModulesInManaged (24ms)
				SetLoadedEditorAssemblies (4ms)
				RefreshPlugins (4ms)
				BeforeProcessingInitializeOnLoad (502ms)
				ProcessInitializeOnLoadAttributes (2000ms)
				ProcessInitializeOnLoadMethodAttributes (19ms)
				AfterProcessingInitializeOnLoad (67ms)
				EditorAssembliesLoaded (0ms)
			ExecutionOrderSort2 (0ms)
			AwakeInstancesAfterBackupRestoration (32ms)
Platform modules already initialized, skipping
========================================================================
Worker process is ready to serve import requests
Launched and connected shader compiler UnityShaderCompiler.exe after 0.41 seconds
Refreshing native plugins compatible for Editor in 3.30 ms, found 2 plugins.
Preloading 0 native plugins for Editor in 0.00 ms.
Unloading 1420 Unused Serialized files (Serialized files now loaded: 0)
System memory in use before: 68.9 MB.
System memory in use after: 68.9 MB.

Unloading 16 unused Assets to reduce memory usage. Loaded Objects now: 1859.
Total: 14.268500 ms (FindLiveObjects: 3.047300 ms CreateObjectMapping: 0.376300 ms MarkObjects: 10.225900 ms  DeleteObjects: 0.601500 ms)

AssetImportParameters requested are different than current active one (requested -> active):
  custom:framework-win-MediaFoundation: 216162199b28c13a410421893ffa2e32 -> 
  custom:video-decoder-ogg-theora: a1e56fd34408186e4bbccfd4996cb3dc -> 
  custom:container-muxer-webm: aa71ff27fc2769a1b78a27578f13a17b -> 
  custom:container-demuxer-webm: 4f35f7cbe854078d1ac9338744f61a02 -> 
  custom:container-demuxer-ogg: 62fdf1f143b41e24485cea50d1cbac27 -> 
  custom:video-encoder-webm-vp8: eb34c28f22e8b96e1ab97ce403110664 -> 
  custom:video-codec-MediaFoundation-h265: 746d11721c4dcdbdad8f713fa42b33f4 -> 
  custom:video-decoder-webm-vp8: 9c59270c3fd7afecdb556c50c9e8de78 -> 
  custom:audio-decoder-ogg-vorbis: bf7c407c2cedff20999df2af8eb42d56 -> 
  custom:audio-encoder-webm-vorbis: bf7c407c2cedff20999df2af8eb42d56 -> 
========================================================================
Received Import Request.
  path: Assets/Prefabs/Player/Player.prefab
  artifactKey: Guid(4d60d697af4fd2949a6774e8f20ba7ec) Importer(815301076,1909f56bfc062723c751e8b465ee728b)
Start importing Assets/Prefabs/Player/Player.prefab using Guid(4d60d697af4fd2949a6774e8f20ba7ec) Importer(815301076,1909f56bfc062723c751e8b465ee728b)  -> (artifact id: '3756b931523bcfb09e6eed49df340a7c') in 0.706632 seconds 
  Import took 0.723713 seconds .

========================================================================
Received Import Request.
  Time since last request: 50.272008 seconds.
  path: Assets/Prefabs/Player/Player.prefab
  artifactKey: Guid(4d60d697af4fd2949a6774e8f20ba7ec) Importer(815301076,1909f56bfc062723c751e8b465ee728b)
Start importing Assets/Prefabs/Player/Player.prefab using Guid(4d60d697af4fd2949a6774e8f20ba7ec) Importer(815301076,1909f56bfc062723c751e8b465ee728b)  -> (artifact id: '583d67f6c3c7ebf29c9f2b2191bdc1e2') in 0.106723 seconds 
  Import took 0.119609 seconds .

========================================================================
Received Import Request.
  Time since last request: 0.083219 seconds.
  path: Assets/Prefabs/Player/Player.prefab
  artifactKey: Guid(4d60d697af4fd2949a6774e8f20ba7ec) Importer(815301076,1909f56bfc062723c751e8b465ee728b)
Start importing Assets/Prefabs/Player/Player.prefab using Guid(4d60d697af4fd2949a6774e8f20ba7ec) Importer(815301076,1909f56bfc062723c751e8b465ee728b)  -> (artifact id: 'da01f6a7b719c8134b9c8ab5aef6c7a6') in 0.114775 seconds 
  Import took 0.124579 seconds .

========================================================================
Received Import Request.
  Time since last request: 0.887543 seconds.
  path: Assets/Prefabs/Player/Player.prefab
  artifactKey: Guid(4d60d697af4fd2949a6774e8f20ba7ec) Importer(815301076,1909f56bfc062723c751e8b465ee728b)
Start importing Assets/Prefabs/Player/Player.prefab using Guid(4d60d697af4fd2949a6774e8f20ba7ec) Importer(815301076,1909f56bfc062723c751e8b465ee728b)  -> (artifact id: '2ef63be99aa7608d14394167dfff33c0') in 0.063835 seconds 
  Import took 0.076883 seconds .

AssetImportWorkerClient::OnTransportError - code=2 error=End of file
